[ 2017-01-11T17:07:12+08:00 ] 127.0.0.1 /index.php/UserInfo/seller_register
INFO: [ app_init ] --START--
INFO: Run Behavior\BuildLiteBehavior [ RunTime:0.000000s ]
INFO: [ app_init ] --END-- [ RunTime:0.000000s ]
ERR: 无法加载模块:UserInfo

[ 2017-01-11T17:20:24+08:00 ] 127.0.0.1 /index.php/UserInfo/Seller/register_view
INFO: [ app_init ] --START--
INFO: Run Behavior\BuildLiteBehavior [ RunTime:0.000000s ]
INFO: [ app_init ] --END-- [ RunTime:0.001000s ]
ERR: 无法加载模块:UserInfo

[ 2017-01-11T18:25:57+08:00 ] 127.0.0.1 /UserInfo/seller_register
INFO: [ app_init ] --START--
INFO: Run Behavior\BuildLiteBehavior [ RunTime:0.000000s ]
INFO: [ app_init ] --END-- [ RunTime:0.000000s ]
ERR: 无法加载模块:UserInfo

[ 2017-01-11T18:25:58+08:00 ] 127.0.0.1 /UserInfo/seller_register
INFO: [ app_init ] --START--
INFO: Run Behavior\BuildLiteBehavior [ RunTime:0.000000s ]
INFO: [ app_init ] --END-- [ RunTime:0.001000s ]
ERR: 无法加载模块:UserInfo

[ 2017-01-11T18:26:45+08:00 ] 127.0.0.1 /UserInfo/seller_register
INFO: [ app_init ] --START--
INFO: Run Behavior\BuildLiteBehavior [ RunTime:0.001000s ]
INFO: [ app_init ] --END-- [ RunTime:0.001000s ]
ERR: 无法加载模块:UserInfo

[ 2017-01-11T18:27:15+08:00 ] 127.0.0.1 /UserInfo/seller_register
INFO: [ app_init ] --START--
INFO: Run Behavior\BuildLiteBehavior [ RunTime:0.000000s ]
INFO: [ app_init ] --END-- [ RunTime:0.000000s ]
ERR: 无法加载模块:UserInfo

[ 2017-01-11T18:28:31+08:00 ] 127.0.0.1 /UserInfo/seller_register
INFO: [ app_init ] --START--
INFO: Run Behavior\BuildLiteBehavior [ RunTime:0.000000s ]
INFO: [ app_init ] --END-- [ RunTime:0.001000s ]
ERR: 无法加载模块:UserInfo

[ 2017-01-11T18:28:34+08:00 ] 127.0.0.1 /UserInfo
INFO: [ app_init ] --START--
INFO: Run Behavior\BuildLiteBehavior [ RunTime:0.000000s ]
INFO: [ app_init ] --END-- [ RunTime:0.000000s ]
ERR: 无法加载模块:UserInfo

[ 2017-01-11T18:28:36+08:00 ] 127.0.0.1 /UserInfo
INFO: [ app_init ] --START--
INFO: Run Behavior\BuildLiteBehavior [ RunTime:0.000000s ]
INFO: [ app_init ] --END-- [ RunTime:0.000000s ]
ERR: 无法加载模块:UserInfo

[ 2017-01-11T18:30:19+08:00 ] 127.0.0.1 /U
INFO: [ app_init ] --START--
INFO: Run Behavior\BuildLiteBehavior [ RunTime:0.000000s ]
INFO: [ app_init ] --END-- [ RunTime:0.000000s ]
ERR: 无法加载模块:U

[ 2017-01-11T18:30:23+08:00 ] 127.0.0.1 /UGG
INFO: [ app_init ] --START--
INFO: Run Behavior\BuildLiteBehavior [ RunTime:0.000000s ]
INFO: [ app_init ] --END-- [ RunTime:0.000000s ]
ERR: 无法加载模块:UGG

[ 2017-01-11T18:30:39+08:00 ] 127.0.0.1 /UserInf
INFO: [ app_init ] --START--
INFO: Run Behavior\BuildLiteBehavior [ RunTime:0.000000s ]
INFO: [ app_init ] --END-- [ RunTime:0.000000s ]
ERR: 无法加载模块:UserInf

[ 2017-01-11T18:30:43+08:00 ] 127.0.0.1 /UserInfO
INFO: [ app_init ] --START--
INFO: Run Behavior\BuildLiteBehavior [ RunTime:0.000000s ]
INFO: [ app_init ] --END-- [ RunTime:0.001000s ]
ERR: 无法加载模块:UserInfO

[ 2017-01-11T18:30:48+08:00 ] 127.0.0.1 /UserInfo
INFO: [ app_init ] --START--
INFO: Run Behavior\BuildLiteBehavior [ RunTime:0.000000s ]
INFO: [ app_init ] --END-- [ RunTime:0.000000s ]
ERR: 无法加载模块:UserInfo

[ 2017-01-11T18:31:22+08:00 ] 127.0.0.1 /UserInfo
INFO: [ app_init ] --START--
INFO: Run Behavior\BuildLiteBehavior [ RunTime:0.000000s ]
INFO: [ app_init ] --END-- [ RunTime:0.000000s ]
ERR: 无法加载模块:UserInfo

